<?xml version="1.0" encoding="UTF-8"?>
<testsuite xmlns:xsi="http://www.w3.org/2001/XMLSchema-instance" xsi:noNamespaceSchemaLocation="https://maven.apache.org/surefire/maven-surefire-plugin/xsd/surefire-test-report.xsd" name="testar Cadastro" time="165.6" tests="9" errors="0" skipped="0" failures="0">
  <properties>
[...]
</properties>
  <testcase name="Pesquisa no BING #1" classname="testar Cadastro" time="20.048"/>
  <testcase name="Pesquisa no BING #2" classname="testar Cadastro" time="14.9"/>
  <testcase name="Pesquisa no BING #3" classname="testar Cadastro" time="18.236"/>
  <testcase name="Pesquisa no BING #4" classname="testar Cadastro" time="13.858"/>
  <testcase name="Pesquisa no BING #5" classname="testar Cadastro" time="16.479"/>
  <testcase name="Pesquisa no BING #6" classname="testar Cadastro" time="19.463"/>
  <testcase name="Pesquisa no BING #7" classname="testar Cadastro" time="15.225"/>
  <testcase name="Pesquisa no BING #8" classname="testar Cadastro" time="29.191"/>
  <testcase name="Pesquisa no BING #9" classname="testar Cadastro" time="18.197"/>
</testsuite>